<?xml version="1.0" encoding="UTF-8"?>
<!-- Generated by org.testng.reporters.JUnitReportReporter -->
<testsuite hostname="L-INE-96MWM93" failures="0" tests="9" name="testRunnerClass.TestRunner" time="61.136" errors="0" timestamp="2025-02-05T12:38:30 IST" skipped="0">
  <testcase classname="testRunnerClass.TestRunner" name="runScenario" time="5.351"/>
  <testcase classname="testRunnerClass.TestRunner" name="runScenario" time="12.772"/>
  <testcase classname="testRunnerClass.TestRunner" name="runScenario" time="4.596"/>
  <testcase classname="testRunnerClass.TestRunner" name="runScenario" time="4.391"/>
  <testcase classname="testRunnerClass.TestRunner" name="runScenario" time="15.312"/>
  <testcase classname="testRunnerClass.TestRunner" name="runScenario" time="5.950"/>
  <testcase classname="testRunnerClass.TestRunner" name="runScenario" time="4.165"/>
  <testcase classname="testRunnerClass.TestRunner" name="runScenario" time="4.219"/>
  <testcase classname="testRunnerClass.TestRunner" name="runScenario" time="4.380"/>
</testsuite> <!-- testRunnerClass.TestRunner -->
