<?xml version="1.0" encoding="UTF-8"?>
<!-- Generated by org.testng.reporters.JUnitReportReporter -->
<testsuite hostname="L-INE-96MWM93" failures="0" tests="1" name="testRunner_SauceDemo.TestRunnerSauceDemo" time="7.272" errors="0" timestamp="2025-01-27T17:41:50 IST" skipped="0">
  <testcase classname="testRunner_SauceDemo.TestRunnerSauceDemo" name="runScenario" time="7.272"/>
</testsuite> <!-- testRunner_SauceDemo.TestRunnerSauceDemo -->
