<?xml version="1.0" encoding="UTF-8"?>
<!-- Generated by org.testng.reporters.JUnitReportReporter -->
<testsuite hostname="L-INE-96MWM93" failures="0" tests="9" name="testRunnerClass.TestRunner" time="0.341" errors="0" timestamp="2025-02-04T17:28:36 IST" skipped="0">
  <testcase classname="testRunnerClass.TestRunner" name="runScenario" time="0.027"/>
  <testcase classname="testRunnerClass.TestRunner" name="runScenario" time="0.024"/>
  <testcase classname="testRunnerClass.TestRunner" name="runScenario" time="0.171"/>
  <testcase classname="testRunnerClass.TestRunner" name="runScenario" time="0.016"/>
  <testcase classname="testRunnerClass.TestRunner" name="runScenario" time="0.020"/>
  <testcase classname="testRunnerClass.TestRunner" name="runScenario" time="0.010"/>
  <testcase classname="testRunnerClass.TestRunner" name="runScenario" time="0.021"/>
  <testcase classname="testRunnerClass.TestRunner" name="runScenario" time="0.024"/>
  <testcase classname="testRunnerClass.TestRunner" name="runScenario" time="0.028"/>
</testsuite> <!-- testRunnerClass.TestRunner -->
